<?xml version="1.0" encoding="UTF-8"?>
<!-- Generated by org.testng.reporters.JUnitReportReporter -->
<testsuite skipped="0" hostname="NARENs-MacBook-Pro.local" name="com.test.CountersTest" tests="1" failures="0" timestamp="26 Jul 2017 02:35:00 GMT" time="22.465" errors="0">
  <testcase name="testCounters" time="22.465" classname="com.test.CountersTest"/>
</testsuite> <!-- com.test.CountersTest -->
