<?xml version="1.0" encoding="UTF-8"?>
<!-- Generated by org.testng.reporters.JUnitReportReporter -->
<testsuite skipped="0" hostname="NARENs-MacBook-Pro.local" name="com.test.CountersTest" tests="1" failures="0" timestamp="28 Jul 2017 05:28:11 GMT" time="14.011" errors="0">
  <testcase name="testCounters" time="14.011" classname="com.test.CountersTest"/>
</testsuite> <!-- com.test.CountersTest -->
