<?xml version="1.0" encoding="UTF-8"?>
<!-- Generated by org.testng.reporters.JUnitReportReporter -->
<testsuite skipped="0" hostname="NARENs-MacBook-Pro.local" name="com.test.CountersTest" tests="1" failures="0" timestamp="28 Jul 2017 19:16:50 GMT" time="18.290" errors="0">
  <testcase name="testCounters" time="18.290" classname="com.test.CountersTest"/>
</testsuite> <!-- com.test.CountersTest -->
